[debug] [2025-04-16T17:49:38.651Z] ----------------------------------------------------------------------
[debug] [2025-04-16T17:49:38.654Z] Command:       C:\Program Files\nodejs\node.exe C:\Users\po4ta\AppData\Roaming\npm\node_modules\firebase-tools\lib\bin\firebase.js init
[debug] [2025-04-16T17:49:38.655Z] CLI Version:   14.1.0
[debug] [2025-04-16T17:49:38.655Z] Platform:      win32
[debug] [2025-04-16T17:49:38.655Z] Node Version:  v22.12.0
[debug] [2025-04-16T17:49:38.655Z] Time:          Wed Apr 16 2025 20:49:38 GMT+0300 (Москва, стандартное время)
[debug] [2025-04-16T17:49:38.655Z] ----------------------------------------------------------------------
[debug] 
[debug] [2025-04-16T17:49:38.664Z] > command requires scopes: ["email","openid","https://www.googleapis.com/auth/cloudplatformprojects.readonly","https://www.googleapis.com/auth/firebase","https://www.googleapis.com/auth/cloud-platform"]
[debug] [2025-04-16T17:49:38.664Z] > authorizing via signed-in user (pe4enka055@gmail.com)
[info] 
     ######## #### ########  ######## ########     ###     ######  ########
     ##        ##  ##     ## ##       ##     ##  ##   ##  ##       ##
     ######    ##  ########  ######   ########  #########  ######  ######
     ##        ##  ##    ##  ##       ##     ## ##     ##       ## ##
     ##       #### ##     ## ######## ########  ##     ##  ######  ########

You're about to initialize a Firebase project in this directory:

  C:\Users\po4ta\OneDrive\Рабочий стол\e-store

[info] 
=== Project Setup
[info] 
[info] First, let's associate this project directory with a Firebase project.
[info] You can create multiple project aliases by running firebase use --add, 
[info] but for now we'll just set up a default project.
[info] 
[debug] [2025-04-16T17:50:02.364Z] Checked if tokens are valid: true, expires at: 1744828842734
[debug] [2025-04-16T17:50:02.364Z] Checked if tokens are valid: true, expires at: 1744828842734
[debug] [2025-04-16T17:50:02.365Z] >>> [apiv2][query] GET https://firebase.googleapis.com/v1beta1/projects pageSize=100
[debug] [2025-04-16T17:50:02.963Z] <<< [apiv2][status] GET https://firebase.googleapis.com/v1beta1/projects 200
[debug] [2025-04-16T17:50:02.963Z] <<< [apiv2][body] GET https://firebase.googleapis.com/v1beta1/projects [omitted]
[info] i  Using project e-store-4ca3a (e-store) 
[info] 
=== Firestore Setup
[debug] [2025-04-16T17:50:04.993Z] Checked if tokens are valid: true, expires at: 1744828842734
[debug] [2025-04-16T17:50:04.993Z] Checked if tokens are valid: true, expires at: 1744828842734
[debug] [2025-04-16T17:50:04.994Z] >>> [apiv2][query] GET https://serviceusage.googleapis.com/v1/projects/e-store-4ca3a/services/firestore.googleapis.com [none]
[debug] [2025-04-16T17:50:04.994Z] >>> [apiv2][(partial)header] GET https://serviceusage.googleapis.com/v1/projects/e-store-4ca3a/services/firestore.googleapis.com x-goog-quota-user=projects/e-store-4ca3a
[debug] [2025-04-16T17:50:05.983Z] <<< [apiv2][status] GET https://serviceusage.googleapis.com/v1/projects/e-store-4ca3a/services/firestore.googleapis.com 200
[debug] [2025-04-16T17:50:05.983Z] <<< [apiv2][body] GET https://serviceusage.googleapis.com/v1/projects/e-store-4ca3a/services/firestore.googleapis.com [omitted]
[debug] [2025-04-16T17:50:05.984Z] Checked if tokens are valid: true, expires at: 1744828842734
[debug] [2025-04-16T17:50:05.984Z] Checked if tokens are valid: true, expires at: 1744828842734
[debug] [2025-04-16T17:50:05.984Z] >>> [apiv2][query] GET https://firestore.googleapis.com/v1/projects/e-store-4ca3a/databases/(default) [none]
[debug] [2025-04-16T17:50:06.356Z] <<< [apiv2][status] GET https://firestore.googleapis.com/v1/projects/e-store-4ca3a/databases/(default) 200
[debug] [2025-04-16T17:50:06.356Z] <<< [apiv2][body] GET https://firestore.googleapis.com/v1/projects/e-store-4ca3a/databases/(default) {"name":"projects/e-store-4ca3a/databases/(default)","uid":"5abe8f68-9217-4f28-b367-9aa68f51a4ca","createTime":"2025-04-16T17:46:46.888328Z","updateTime":"2025-04-16T17:46:46.888328Z","locationId":"eur3","type":"FIRESTORE_NATIVE","concurrencyMode":"PESSIMISTIC","versionRetentionPeriod":"3600s","earliestVersionTime":"2025-04-16T17:46:46.888328Z","appEngineIntegrationMode":"DISABLED","keyPrefix":"e","pointInTimeRecoveryEnablement":"POINT_IN_TIME_RECOVERY_DISABLED","deleteProtectionState":"DELETE_PROTECTION_DISABLED","databaseEdition":"STANDARD","freeTier":true,"etag":"ILeavdGO3YwDMNP/o4OO3YwD"}
[debug] [2025-04-16T17:50:06.356Z] database_type: FIRESTORE_NATIVE
[debug] [2025-04-16T17:50:06.356Z] database_type: FIRESTORE_NATIVE
[debug] [2025-04-16T17:50:06.357Z] > command requires scopes: ["email","openid","https://www.googleapis.com/auth/cloudplatformprojects.readonly","https://www.googleapis.com/auth/firebase","https://www.googleapis.com/auth/cloud-platform"]
[debug] [2025-04-16T17:50:06.357Z] > authorizing via signed-in user (pe4enka055@gmail.com)
[debug] [2025-04-16T17:50:06.357Z] [iam] checking project e-store-4ca3a for permissions ["firebase.projects.get"]
[debug] [2025-04-16T17:50:06.358Z] Checked if tokens are valid: true, expires at: 1744828842734
[debug] [2025-04-16T17:50:06.358Z] Checked if tokens are valid: true, expires at: 1744828842734
[debug] [2025-04-16T17:50:06.358Z] >>> [apiv2][query] POST https://cloudresourcemanager.googleapis.com/v1/projects/e-store-4ca3a:testIamPermissions [none]
[debug] [2025-04-16T17:50:06.358Z] >>> [apiv2][(partial)header] POST https://cloudresourcemanager.googleapis.com/v1/projects/e-store-4ca3a:testIamPermissions x-goog-quota-user=projects/e-store-4ca3a
[debug] [2025-04-16T17:50:06.358Z] >>> [apiv2][body] POST https://cloudresourcemanager.googleapis.com/v1/projects/e-store-4ca3a:testIamPermissions {"permissions":["firebase.projects.get"]}
[debug] [2025-04-16T17:50:07.193Z] <<< [apiv2][status] POST https://cloudresourcemanager.googleapis.com/v1/projects/e-store-4ca3a:testIamPermissions 200
[debug] [2025-04-16T17:50:07.193Z] <<< [apiv2][body] POST https://cloudresourcemanager.googleapis.com/v1/projects/e-store-4ca3a:testIamPermissions {"permissions":["firebase.projects.get"]}
[info] 
[info] Firestore Security Rules allow you to define how and when to allow
[info] requests. You can keep these rules in your project directory
[info] and publish them with firebase deploy.
[info] 
